
An unexpected exception has been detected in native code outside the VM.
Unexpected Signal : EXCEPTION_ACCESS_VIOLATION (0xc0000005) occurred at PC=0x1CCB36B9
Function=JNI_OnLoad+0x24D
Library=C:\Program Files\Java\j2re1.4.2_04\bin\jpeg.dll

Current Java thread:
	at sun.awt.image.JPEGImageDecoder.readImage(Native Method)
	at sun.awt.image.JPEGImageDecoder.produceImage(Unknown Source)
	at sun.awt.image.InputStreamImageSource.doFetch(Unknown Source)
	at sun.awt.image.ImageFetcher.fetchloop(Unknown Source)
	at sun.awt.image.ImageFetcher.run(Unknown Source)

Dynamic libraries:
0x00400000 - 0x00407000 	C:\Program Files\Java\j2re1.4.2_04\bin\javaw.exe
0x77F80000 - 0x77FFB000 	C:\WINNT\system32\ntdll.dll
0x7C2D0000 - 0x7C332000 	C:\WINNT\system32\ADVAPI32.dll
0x7C570000 - 0x7C623000 	C:\WINNT\system32\KERNEL32.DLL
0x77D30000 - 0x77D9E000 	C:\WINNT\system32\RPCRT4.DLL
0x77E10000 - 0x77E6F000 	C:\WINNT\system32\USER32.dll
0x77F40000 - 0x77F79000 	C:\WINNT\system32\GDI32.dll
0x78000000 - 0x78045000 	C:\WINNT\system32\MSVCRT.dll
0x08000000 - 0x08138000 	C:\Program Files\Java\j2re1.4.2_04\bin\client\jvm.dll
0x77570000 - 0x775A0000 	C:\WINNT\system32\WINMM.dll
0x6BD00000 - 0x6BD0D000 	C:\WINNT\system32\SYNCOR11.DLL
0x10000000 - 0x10007000 	C:\Program Files\Java\j2re1.4.2_04\bin\hpi.dll
0x007E0000 - 0x007EE000 	C:\Program Files\Java\j2re1.4.2_04\bin\verify.dll
0x007F0000 - 0x00809000 	C:\Program Files\Java\j2re1.4.2_04\bin\java.dll
0x00810000 - 0x0081D000 	C:\Program Files\Java\j2re1.4.2_04\bin\zip.dll
0x18470000 - 0x1857F000 	C:\Program Files\Java\j2re1.4.2_04\bin\awt.dll
0x77800000 - 0x7781E000 	C:\WINNT\system32\WINSPOOL.DRV
0x76620000 - 0x76631000 	C:\WINNT\system32\MPR.DLL
0x75E60000 - 0x75E7A000 	C:\WINNT\system32\IMM32.dll
0x77A50000 - 0x77B3C000 	C:\WINNT\system32\ole32.dll
0x18580000 - 0x185D0000 	C:\Program Files\Java\j2re1.4.2_04\bin\fontmanager.dll
0x51000000 - 0x5104B000 	C:\WINNT\system32\ddraw.dll
0x728A0000 - 0x728A6000 	C:\WINNT\system32\DCIMAN32.dll
0x5C000000 - 0x5C0C7000 	C:\WINNT\system32\D3DIM700.DLL
0x1CCB0000 - 0x1CCCE000 	C:\Program Files\Java\j2re1.4.2_04\bin\jpeg.dll
0x77920000 - 0x77943000 	C:\WINNT\system32\imagehlp.dll
0x72A00000 - 0x72A2D000 	C:\WINNT\system32\DBGHELP.dll
0x690A0000 - 0x690AB000 	C:\WINNT\system32\PSAPI.DLL

Heap at VM Abort:
Heap
 def new generation   total 704K, used 77K [0x10010000, 0x100d0000, 0x104f0000)
  eden space 640K,  12% used [0x10010000, 0x10023500, 0x100b0000)
  from space 64K,   0% used [0x100b0000, 0x100b0000, 0x100c0000)
  to   space 64K,   0% used [0x100c0000, 0x100c0000, 0x100d0000)
 tenured generation   total 8956K, used 7733K [0x104f0000, 0x10daf000, 0x14010000)
   the space 8956K,  86% used [0x104f0000, 0x10c7d510, 0x10c7d600, 0x10daf000)
 compacting perm gen  total 4864K, used 4763K [0x14010000, 0x144d0000, 0x18010000)
   the space 4864K,  97% used [0x14010000, 0x144b6d28, 0x144b6e00, 0x144d0000)

Local Time = Tue Aug 10 17:13:20 2004
Elapsed Time = 4
#
# The exception above was detected in native code outside the VM
#
# Java VM: Java HotSpot(TM) Client VM (1.4.2_04-b05 mixed mode)
#
